C51 COMPILER V9.02   PUSH_BUTTON                                                           02/14/2018 22:33:39 PAGE 1   


C51 COMPILER V9.02, COMPILATION OF MODULE PUSH_BUTTON
OBJECT MODULE PLACED IN push_button.OBJ
COMPILER INVOKED BY: C:\Keil\C51\BIN\C51.EXE push_button.c BROWSE DEBUG OBJECTEXTEND

line level    source

   1          #include<reg51.h>
   2          
   3          void main(){
   4   1      
   5   1              P1=0x00;
   6   1              P2=0x00;
   7   1      
   8   1              while(1){
   9   2                        if(P1==0x01){
  10   3                              P2=0xFF;
  11   3                        }
  12   2                        else if(P1==0x00){
  13   3                              P2=0x00;
  14   3                        }
  15   2              }
  16   1      
  17   1      }


MODULE INFORMATION:   STATIC OVERLAYABLE
   CODE SIZE        =     23    ----
   CONSTANT SIZE    =   ----    ----
   XDATA SIZE       =   ----    ----
   PDATA SIZE       =   ----    ----
   DATA SIZE        =   ----    ----
   IDATA SIZE       =   ----    ----
   BIT SIZE         =   ----    ----
END OF MODULE INFORMATION.


C51 COMPILATION COMPLETE.  0 WARNING(S),  0 ERROR(S)
