C51 COMPILER V9.02   PUSH_BUTTON                                                           02/14/2018 22:10:48 PAGE 1   


C51 COMPILER V9.02, COMPILATION OF MODULE PUSH_BUTTON
OBJECT MODULE PLACED IN push_button.OBJ
COMPILER INVOKED BY: C:\Keil\C51\BIN\C51.EXE push_button.c BROWSE DEBUG OBJECTEXTEND

line level    source

   1          #include<reg51.h>
   2          
   3          void main(){
   4   1      
   5   1              P1=0x00;
   6   1      
   7   1              while(1){
   8   2                        if(P1==0x01){
   9   3                                 P3=0x00;
  10   3                        }
  11   2              }
  12   1      
  13   1      }


MODULE INFORMATION:   STATIC OVERLAYABLE
   CODE SIZE        =     13    ----
   CONSTANT SIZE    =   ----    ----
   XDATA SIZE       =   ----    ----
   PDATA SIZE       =   ----    ----
   DATA SIZE        =   ----    ----
   IDATA SIZE       =   ----    ----
   BIT SIZE         =   ----    ----
END OF MODULE INFORMATION.


C51 COMPILATION COMPLETE.  0 WARNING(S),  0 ERROR(S)
