C51 COMPILER V9.02   SWITCH_LED                                                            02/14/2018 22:10:48 PAGE 1   


C51 COMPILER V9.02, COMPILATION OF MODULE SWITCH_LED
OBJECT MODULE PLACED IN switch_led.OBJ
COMPILER INVOKED BY: C:\Keil\C51\BIN\C51.EXE switch_led.c BROWSE DEBUG OBJECTEXTEND

line level    source

   1          #include<reg51.h>
   2          
   3          sbit LED=P2^0;
   4          sbit SW=P1^0;
   5          
   6          void main(){
   7   1      
   8   1              LED=0;
   9   1              SW=1;
  10   1      
  11   1              while(1){
  12   2                      /*if(SW=0){LED=1;}*/
  13   2                         LED=~SW;
  14   2              }
  15   1      
  16   1      }


MODULE INFORMATION:   STATIC OVERLAYABLE
   CODE SIZE        =     11    ----
   CONSTANT SIZE    =   ----    ----
   XDATA SIZE       =   ----    ----
   PDATA SIZE       =   ----    ----
   DATA SIZE        =   ----    ----
   IDATA SIZE       =   ----    ----
   BIT SIZE         =   ----    ----
END OF MODULE INFORMATION.


C51 COMPILATION COMPLETE.  0 WARNING(S),  0 ERROR(S)
