C51 COMPILER V9.02   LED_BLINK                                                             02/14/2018 20:56:48 PAGE 1   


C51 COMPILER V9.02, COMPILATION OF MODULE LED_BLINK
OBJECT MODULE PLACED IN led_blink.OBJ
COMPILER INVOKED BY: C:\Keil\C51\BIN\C51.EXE led_blink.c BROWSE DEBUG OBJECTEXTEND

line level    source

   1          #include<reg51.h>
   2          
   3          sbit led=P1^0;
   4          
   5          void DELAY_ms(unsigned int ms_Count)
   6          {
   7   1          unsigned int i,j;
   8   1          for(i=0;i<ms_Count;i++)
   9   1          {
  10   2              for(j=0;j<100;j++);
  11   2          }
  12   1      }
  13          
  14          void main(){
  15   1              led =0;
  16   1              while(1){
  17   2                      led = 1;
  18   2                      DELAY_ms(1000);
  19   2                      led = 0;
  20   2                      DELAY_ms(1000);
  21   2                      }
  22   1      }


MODULE INFORMATION:   STATIC OVERLAYABLE
   CODE SIZE        =     50    ----
   CONSTANT SIZE    =   ----    ----
   XDATA SIZE       =   ----    ----
   PDATA SIZE       =   ----    ----
   DATA SIZE        =   ----    ----
   IDATA SIZE       =   ----    ----
   BIT SIZE         =   ----    ----
END OF MODULE INFORMATION.


C51 COMPILATION COMPLETE.  0 WARNING(S),  0 ERROR(S)
